Load of wsdl "ETH_Bpel_PO_OAGIS90_ClientWrapper.wsdl with Message part element undefined in wsdl [file:/D:/oracle/SOA11G/weblogic/Jdev/jdeveloper/mywork/Dhami-SOA/Project1/Receive.wsdl] part name = request	type = {http://xmlns.oracle.com/singleString}singleString" failed
java.lang.Exception: Message part element undefined in wsdl [file:/D:/oracle/SOA11G/weblogic/Jdev/jdeveloper/mywork/Dhami-SOA/Project1/Receive.wsdl] part name = request	type = {http://xmlns.oracle.com/singleString}singleString
	at oracle.soa.scac.WSDLValidator.validateMessageParts(WSDLValidator.java:121)
	at oracle.soa.scac.WSDLValidator.validateMessages(WSDLValidator.java:88)
	at oracle.soa.scac.WSDLValidator.validate(WSDLValidator.java:47)
	at oracle.soa.scac.WSDLValidator.validate(WSDLValidator.java:40)
	at oracle.soa.scac.ValidateComposite.loadWSDLs(ValidateComposite.java:964)
	at oracle.soa.scac.ValidateComposite.doValidation(ValidateComposite.java:491)
	at oracle.soa.scac.ValidateComposite.run(ValidateComposite.java:150)
	at oracle.soa.scac.ValidateComposite.main(ValidateComposite.java:135)
Load of wsdl "ETH_Bpel_PO_OAGIS90_ClientWrapper.wsdl with Message part element undefined in wsdl [file:/D:/oracle/SOA11G/weblogic/Jdev/jdeveloper/mywork/Dhami-SOA/Project1/Receive.wsdl] part name = request	type = {http://xmlns.oracle.com/singleString}singleString" failed
java.lang.Exception: Message part element undefined in wsdl [file:/D:/oracle/SOA11G/weblogic/Jdev/jdeveloper/mywork/Dhami-SOA/Project1/Receive.wsdl] part name = request	type = {http://xmlns.oracle.com/singleString}singleString
	at oracle.soa.scac.WSDLValidator.validateMessageParts(WSDLValidator.java:121)
	at oracle.soa.scac.WSDLValidator.validateMessages(WSDLValidator.java:88)
	at oracle.soa.scac.WSDLValidator.validate(WSDLValidator.java:47)
	at oracle.soa.scac.WSDLValidator.validate(WSDLValidator.java:58)
	at oracle.soa.scac.WSDLValidator.validate(WSDLValidator.java:40)
	at oracle.soa.scac.ValidateComposite.loadWSDLs(ValidateComposite.java:964)
	at oracle.soa.scac.ValidateComposite.doValidation(ValidateComposite.java:491)
	at oracle.soa.scac.ValidateComposite.run(ValidateComposite.java:150)
	at oracle.soa.scac.ValidateComposite.main(ValidateComposite.java:135)
Load of wsdl "ETH_Bpel_PO_OAGIS90_ClientWrapper.wsdl with Message part element undefined in wsdl [file:/D:/oracle/SOA11G/weblogic/Jdev/jdeveloper/mywork/Dhami-SOA/Project1/Receive.wsdl] part name = request	type = {http://xmlns.oracle.com/singleString}singleString" failed
java.lang.Exception: Message part element undefined in wsdl [file:/D:/oracle/SOA11G/weblogic/Jdev/jdeveloper/mywork/Dhami-SOA/Project1/Receive.wsdl] part name = request	type = {http://xmlns.oracle.com/singleString}singleString
	at oracle.soa.scac.WSDLValidator.validateMessageParts(WSDLValidator.java:121)
	at oracle.soa.scac.WSDLValidator.validateMessages(WSDLValidator.java:88)
	at oracle.soa.scac.WSDLValidator.validate(WSDLValidator.java:47)
	at oracle.soa.scac.WSDLValidator.validate(WSDLValidator.java:40)
	at oracle.soa.scac.ValidateComposite.loadWSDLs(ValidateComposite.java:964)
	at oracle.soa.scac.ValidateComposite.doValidation(ValidateComposite.java:491)
	at oracle.soa.scac.ValidateComposite.run(ValidateComposite.java:150)
	at oracle.soa.scac.ValidateComposite.main(ValidateComposite.java:135)
Load of wsdl "ETH_Bpel_PO_OAGIS90_ClientWrapper.wsdl with Message part element undefined in wsdl [file:/D:/oracle/SOA11G/weblogic/Jdev/jdeveloper/mywork/Dhami-SOA/Project1/ETH_GLB_OAP_Betsy.wsdl] part name = PROCESS_PO_007	type = {http://TargetNamespace.com/ETH_GLB_OAP_Betsy}PROCESS_PO_007" failed
java.lang.Exception: Message part element undefined in wsdl [file:/D:/oracle/SOA11G/weblogic/Jdev/jdeveloper/mywork/Dhami-SOA/Project1/ETH_GLB_OAP_Betsy.wsdl] part name = PROCESS_PO_007	type = {http://TargetNamespace.com/ETH_GLB_OAP_Betsy}PROCESS_PO_007
	at oracle.soa.scac.WSDLValidator.validateMessageParts(WSDLValidator.java:121)
	at oracle.soa.scac.WSDLValidator.validateMessages(WSDLValidator.java:88)
	at oracle.soa.scac.WSDLValidator.validate(WSDLValidator.java:47)
	at oracle.soa.scac.WSDLValidator.validate(WSDLValidator.java:40)
	at oracle.soa.scac.ValidateComposite.loadWSDLs(ValidateComposite.java:964)
	at oracle.soa.scac.ValidateComposite.doValidation(ValidateComposite.java:491)
	at oracle.soa.scac.ValidateComposite.run(ValidateComposite.java:150)
	at oracle.soa.scac.ValidateComposite.main(ValidateComposite.java:135)
Load of wsdl "ETH_Bpel_PO_OAGIS90_ClientWrapper.wsdl with Message part element undefined in wsdl [file:/D:/oracle/SOA11G/weblogic/Jdev/jdeveloper/mywork/Dhami-SOA/Project1/ETH_Bpel_PO_OAGIS90_Client.wsdl] part name = Request_OAGIS_POCO_Payload	type = {http://www.openapplications.org/oagis/9}ChangePurchaseOrder" failed
java.lang.Exception: Message part element undefined in wsdl [file:/D:/oracle/SOA11G/weblogic/Jdev/jdeveloper/mywork/Dhami-SOA/Project1/ETH_Bpel_PO_OAGIS90_Client.wsdl] part name = Request_OAGIS_POCO_Payload	type = {http://www.openapplications.org/oagis/9}ChangePurchaseOrder
	at oracle.soa.scac.WSDLValidator.validateMessageParts(WSDLValidator.java:121)
	at oracle.soa.scac.WSDLValidator.validateMessages(WSDLValidator.java:88)
	at oracle.soa.scac.WSDLValidator.validate(WSDLValidator.java:47)
	at oracle.soa.scac.WSDLValidator.validate(WSDLValidator.java:40)
	at oracle.soa.scac.ValidateComposite.loadWSDLs(ValidateComposite.java:964)
	at oracle.soa.scac.ValidateComposite.doValidation(ValidateComposite.java:491)
	at oracle.soa.scac.ValidateComposite.run(ValidateComposite.java:150)
	at oracle.soa.scac.ValidateComposite.main(ValidateComposite.java:135)
Load of wsdl "ETH_Bpel_PO_OAGIS90_ClientWrapper.wsdl with Message part element undefined in wsdl [file:/D:/oracle/SOA11G/weblogic/Jdev/jdeveloper/mywork/Dhami-SOA/Project1/ETH_Bpel_PO_OAGIS90_Client.wsdl] part name = Request_OAGIS_POCO_Payload	type = {http://www.openapplications.org/oagis/9}ChangePurchaseOrder" failed
java.lang.Exception: Message part element undefined in wsdl [file:/D:/oracle/SOA11G/weblogic/Jdev/jdeveloper/mywork/Dhami-SOA/Project1/ETH_Bpel_PO_OAGIS90_Client.wsdl] part name = Request_OAGIS_POCO_Payload	type = {http://www.openapplications.org/oagis/9}ChangePurchaseOrder
	at oracle.soa.scac.WSDLValidator.validateMessageParts(WSDLValidator.java:121)
	at oracle.soa.scac.WSDLValidator.validateMessages(WSDLValidator.java:88)
	at oracle.soa.scac.WSDLValidator.validate(WSDLValidator.java:47)
	at oracle.soa.scac.WSDLValidator.validate(WSDLValidator.java:58)
	at oracle.soa.scac.WSDLValidator.validate(WSDLValidator.java:40)
	at oracle.soa.scac.ValidateComposite.loadWSDLs(ValidateComposite.java:964)
	at oracle.soa.scac.ValidateComposite.doValidation(ValidateComposite.java:491)
	at oracle.soa.scac.ValidateComposite.run(ValidateComposite.java:150)
	at oracle.soa.scac.ValidateComposite.main(ValidateComposite.java:135)
Load of wsdl "ETH_Bpel_PO_OAGIS90_ClientWrapper.wsdl with Message part element undefined in wsdl [file:/D:/oracle/SOA11G/weblogic/Jdev/jdeveloper/mywork/Dhami-SOA/Project1/ETH_Bpel_PO_OAGIS90_Client.wsdl] part name = Request_OAGIS_POCO_Payload	type = {http://www.openapplications.org/oagis/9}ChangePurchaseOrder" failed
java.lang.Exception: Message part element undefined in wsdl [file:/D:/oracle/SOA11G/weblogic/Jdev/jdeveloper/mywork/Dhami-SOA/Project1/ETH_Bpel_PO_OAGIS90_Client.wsdl] part name = Request_OAGIS_POCO_Payload	type = {http://www.openapplications.org/oagis/9}ChangePurchaseOrder
	at oracle.soa.scac.WSDLValidator.validateMessageParts(WSDLValidator.java:121)
	at oracle.soa.scac.WSDLValidator.validateMessages(WSDLValidator.java:88)
	at oracle.soa.scac.WSDLValidator.validate(WSDLValidator.java:47)
	at oracle.soa.scac.WSDLValidator.validate(WSDLValidator.java:40)
	at oracle.soa.scac.ValidateComposite.loadWSDLs(ValidateComposite.java:964)
	at oracle.soa.scac.ValidateComposite.doValidation(ValidateComposite.java:491)
	at oracle.soa.scac.ValidateComposite.run(ValidateComposite.java:150)
	at oracle.soa.scac.ValidateComposite.main(ValidateComposite.java:135)
Load of wsdl "ETH_Bpel_PO_OAGIS90_ClientWrapper.wsdl with Message part element undefined in wsdl [file:/D:/oracle/SOA11G/weblogic/Jdev/jdeveloper/mywork/Dhami-SOA/Project1/EmptyBPEL.wsdl] part name = payload	type = {http://xmlns.oracle.com/Dhami_SOA_jws/Project1/EmptyBPEL}process" failed
java.lang.Exception: Message part element undefined in wsdl [file:/D:/oracle/SOA11G/weblogic/Jdev/jdeveloper/mywork/Dhami-SOA/Project1/EmptyBPEL.wsdl] part name = payload	type = {http://xmlns.oracle.com/Dhami_SOA_jws/Project1/EmptyBPEL}process
	at oracle.soa.scac.WSDLValidator.validateMessageParts(WSDLValidator.java:121)
	at oracle.soa.scac.WSDLValidator.validateMessages(WSDLValidator.java:88)
	at oracle.soa.scac.WSDLValidator.validate(WSDLValidator.java:47)
	at oracle.soa.scac.WSDLValidator.validate(WSDLValidator.java:40)
	at oracle.soa.scac.ValidateComposite.loadWSDLs(ValidateComposite.java:964)
	at oracle.soa.scac.ValidateComposite.doValidation(ValidateComposite.java:491)
	at oracle.soa.scac.ValidateComposite.run(ValidateComposite.java:150)
	at oracle.soa.scac.ValidateComposite.main(ValidateComposite.java:135)
Apr 7, 2011 1:26:44 PM com.collaxa.cube.CubeLogger info
INFO: validating "EmptyBPEL.bpel" ...
oracle.jrf.UnknownPlatformException: JRF is unable to determine the current application server platform.
	at oracle.jrf.ServerPlatformSupportFactory.getInstance(ServerPlatformSupportFactory.java:79)
	at oracle.integration.platform.blocks.WLSPlatformConfigurationProvider.<clinit>(WLSPlatformConfigurationProvider.java:44)
	at oracle.integration.platform.blocks.FabricConfigManager.<clinit>(FabricConfigManager.java:154)
	at oracle.integration.platform.blocks.xpath.FabricXPathFunctionResolver.loadXpathFunctions(FabricXPathFunctionResolver.java:282)
	at oracle.integration.platform.blocks.xpath.FabricXPathFunctionResolver.loadXPathConfigFile(FabricXPathFunctionResolver.java:156)
	at oracle.integration.platform.blocks.xpath.FabricXPathFunctionResolver.init(FabricXPathFunctionResolver.java:49)
	at com.collaxa.cube.xml.xpath.BPELXPathFunctionNameResolver.loadFabricXpathFunctions(BPELXPathFunctionNameResolver.java:57)
	at com.collaxa.cube.xml.xpath.BPELXPathFunctionNameResolver.<init>(BPELXPathFunctionNameResolver.java:48)
	at com.collaxa.cube.xml.xpath.BPELXPathFunctionNameResolver.<clinit>(BPELXPathFunctionNameResolver.java:44)
	at com.collaxa.cube.lang.compiler.bpel.XPathExprValidatorVisitor.<init>(XPathExprValidatorVisitor.java:122)
	at com.collaxa.cube.lang.compiler.bpel.AssignValidator.<init>(AssignValidator.java:89)
	at com.collaxa.cube.lang.compiler.bpel.BpelParser.<init>(BpelParser.java:452)
	at com.collaxa.cube.lang.compiler.bpel.BPELValidator.validate(BPELValidator.java:60)
	at com.collaxa.cube.lang.compiler.BPEL1Processor.validate(BPEL1Processor.java:329)
	at com.collaxa.cube.lang.compiler.BPEL1Processor.process(BPEL1Processor.java:153)
	at com.collaxa.cube.lang.compiler.CubeParserHelper.compile(CubeParserHelper.java:47)
	at oracle.fabric.bpel.bpelc.BPELComponentValidator.validate(BPELComponentValidator.java:40)
	at oracle.soa.scac.ValidateComposite.validateComponentTypeServicesReferences(ValidateComposite.java:1117)
	at oracle.soa.scac.ValidateComposite.doValidation(ValidateComposite.java:500)
	at oracle.soa.scac.ValidateComposite.run(ValidateComposite.java:150)
	at oracle.soa.scac.ValidateComposite.main(ValidateComposite.java:135)
Apr 7, 2011 1:26:45 PM com.collaxa.cube.CubeLogger info
INFO: validating "SendTOB2B_PO.bpel" ...
