Jan 21, 2011 5:08:29 PM com.collaxa.cube.CubeLogger info
INFO: LibClasspath=D:\oracle\SOA11G\weblogic\jdeveloper\..\oracle_common\modules\commonj.sdo_2.1.0.jar;D:\oracle\SOA11G\weblogic\jdeveloper\..\oracle_common\modules\oracle.fabriccommon_11.1.1\fabric-common.jar;D:\oracle\SOA11G\weblogic\jdeveloper\..\oracle_common\modules\oracle.xdk_11.1.0\xmlparserv2.jar;D:\oracle\SOA11G\weblogic\jdeveloper\soa\modules\oracle.soa.bpel_11.1.1\orabpel-common.jar;D:\oracle\SOA11G\weblogic\jdeveloper\soa\modules\oracle.soa.bpel_11.1.1\orabpel-exts.jar;D:\oracle\SOA11G\weblogic\jdeveloper\soa\modules\oracle.soa.bpel_11.1.1\orabpel-thirdparty.jar;D:\oracle\SOA11G\weblogic\jdeveloper\soa\modules\oracle.soa.bpel_11.1.1\orabpel-validator.jar;D:\oracle\SOA11G\weblogic\jdeveloper\soa\modules\oracle.soa.bpel_11.1.1\orabpel.jar;D:\oracle\SOA11G\weblogic\jdeveloper\soa\modules\oracle.soa.fabric_11.1.1\fabric-client.jar;D:\oracle\SOA11G\weblogic\jdeveloper\soa\modules\oracle.soa.fabric_11.1.1\fabric-ext.jar;D:\oracle\SOA11G\weblogic\jdeveloper\soa\modules\oracle.soa.fabric_11.1.1\fabric-runtime.jar;D:\oracle\SOA11G\weblogic\jdeveloper\soa\modules\oracle.soa.fabric_11.1.1\oracle.soa.fabric.jar;D:\oracle\SOA11G\weblogic\jdeveloper\soa\modules\oracle.soa.fabric_11.1.1\soa-infra-tools.jar;D:\oracle\SOA11G\weblogic\jdeveloper\soa\modules\oracle.soa.ext_11.1.1\classes/
Jan 21, 2011 5:08:29 PM com.collaxa.cube.CubeLogger info
INFO: validating "RND_ErrorFaultPolicy_BPEL.bpel" ...
java.lang.NullPointerException
	at com.collaxa.cube.lang.compiler.bpel.BpelParser.setVarEntityDef(BpelParser.java:2203)
	at com.collaxa.cube.lang.compiler.bpel.BpelParser.parseVariable(BpelParser.java:2141)
	at com.collaxa.cube.lang.compiler.bpel.BpelParser.startElement(BpelParser.java:661)
	at com.collaxa.cube.lang.compiler.bpel.BpelParser.parseElement(BpelParser.java:554)
	at com.collaxa.cube.lang.compiler.bpel.BpelParser.parseElement(BpelParser.java:564)
	at com.collaxa.cube.lang.compiler.bpel.BpelParser.parseElement(BpelParser.java:564)
	at com.collaxa.cube.lang.compiler.bpel.BpelParser.parse(BpelParser.java:510)
	at com.collaxa.cube.lang.compiler.bpel.BpelParser.parse(BpelParser.java:448)
	at com.collaxa.cube.lang.compiler.bpel.BPELValidator.validate(BPELValidator.java:70)
	at com.collaxa.cube.lang.compiler.BPEL1Processor.validate(BPEL1Processor.java:364)
	at com.collaxa.cube.lang.compiler.BPEL1Processor.process(BPEL1Processor.java:137)
	at com.collaxa.cube.lang.compiler.CubeParserHelper.compile(CubeParserHelper.java:47)
	at oracle.fabric.bpel.bpelc.BPELComponentValidator.validate(BPELComponentValidator.java:38)
	at oracle.soa.scac.ValidateComposite.validateComponentTypeServicesReferences(ValidateComposite.java:1156)
	at oracle.soa.scac.ValidateComposite.doValidation(ValidateComposite.java:577)
	at oracle.soa.scac.ValidateComposite.run(ValidateComposite.java:156)
	at oracle.soa.scac.ValidateComposite.main(ValidateComposite.java:141)
java.lang.NullPointerException
	at com.collaxa.cube.lang.compiler.bpel.BpelParser.setVarEntityDef(BpelParser.java:2203)
	at com.collaxa.cube.lang.compiler.bpel.BpelParser.parseVariable(BpelParser.java:2141)
	at com.collaxa.cube.lang.compiler.bpel.BpelParser.startElement(BpelParser.java:661)
	at com.collaxa.cube.lang.compiler.bpel.BpelParser.parseElement(BpelParser.java:554)
	at com.collaxa.cube.lang.compiler.bpel.BpelParser.parseElement(BpelParser.java:564)
	at com.collaxa.cube.lang.compiler.bpel.BpelParser.parseElement(BpelParser.java:564)
	at com.collaxa.cube.lang.compiler.bpel.BpelParser.parse(BpelParser.java:510)
	at com.collaxa.cube.lang.compiler.bpel.BpelParser.parse(BpelParser.java:448)
	at com.collaxa.cube.lang.compiler.bpel.BPELValidator.validate(BPELValidator.java:70)
	at com.collaxa.cube.lang.compiler.BPEL1Processor.validate(BPEL1Processor.java:364)
	at com.collaxa.cube.lang.compiler.BPEL1Processor.process(BPEL1Processor.java:137)
	at com.collaxa.cube.lang.compiler.CubeParserHelper.compile(CubeParserHelper.java:47)
	at oracle.fabric.bpel.bpelc.BPELComponentValidator.validate(BPELComponentValidator.java:38)
	at oracle.soa.scac.ValidateComposite.validateComponentTypeServicesReferences(ValidateComposite.java:1156)
	at oracle.soa.scac.ValidateComposite.doValidation(ValidateComposite.java:577)
	at oracle.soa.scac.ValidateComposite.run(ValidateComposite.java:156)
	at oracle.soa.scac.ValidateComposite.main(ValidateComposite.java:141)
java.lang.NullPointerException
	at com.collaxa.cube.lang.compiler.bpel.BpelParser.setVarEntityDef(BpelParser.java:2203)
	at com.collaxa.cube.lang.compiler.bpel.BpelParser.parseVariable(BpelParser.java:2141)
	at com.collaxa.cube.lang.compiler.bpel.BpelParser.startElement(BpelParser.java:661)
	at com.collaxa.cube.lang.compiler.bpel.BpelParser.parseElement(BpelParser.java:554)
	at com.collaxa.cube.lang.compiler.bpel.BpelParser.parseElement(BpelParser.java:564)
	at com.collaxa.cube.lang.compiler.bpel.BpelParser.parseElement(BpelParser.java:564)
	at com.collaxa.cube.lang.compiler.bpel.BpelParser.parse(BpelParser.java:510)
	at com.collaxa.cube.lang.compiler.bpel.BpelParser.parse(BpelParser.java:448)
	at com.collaxa.cube.lang.compiler.bpel.BPELValidator.validate(BPELValidator.java:70)
	at com.collaxa.cube.lang.compiler.BPEL1Processor.validate(BPEL1Processor.java:364)
	at com.collaxa.cube.lang.compiler.BPEL1Processor.process(BPEL1Processor.java:137)
	at com.collaxa.cube.lang.compiler.CubeParserHelper.compile(CubeParserHelper.java:47)
	at oracle.fabric.bpel.bpelc.BPELComponentValidator.validate(BPELComponentValidator.java:38)
	at oracle.soa.scac.ValidateComposite.validateComponentTypeServicesReferences(ValidateComposite.java:1156)
	at oracle.soa.scac.ValidateComposite.doValidation(ValidateComposite.java:577)
	at oracle.soa.scac.ValidateComposite.run(ValidateComposite.java:156)
	at oracle.soa.scac.ValidateComposite.main(ValidateComposite.java:141)
java.lang.NullPointerException
	at com.collaxa.cube.lang.compiler.bpel.BpelParser.setVarEntityDef(BpelParser.java:2203)
	at com.collaxa.cube.lang.compiler.bpel.BpelParser.parseVariable(BpelParser.java:2141)
	at com.collaxa.cube.lang.compiler.bpel.BpelParser.startElement(BpelParser.java:661)
	at com.collaxa.cube.lang.compiler.bpel.BpelParser.parseElement(BpelParser.java:554)
	at com.collaxa.cube.lang.compiler.bpel.BpelParser.parseElement(BpelParser.java:564)
	at com.collaxa.cube.lang.compiler.bpel.BpelParser.parseElement(BpelParser.java:564)
	at com.collaxa.cube.lang.compiler.bpel.BpelParser.parse(BpelParser.java:510)
	at com.collaxa.cube.lang.compiler.bpel.BpelParser.parse(BpelParser.java:448)
	at com.collaxa.cube.lang.compiler.bpel.BPELValidator.validate(BPELValidator.java:70)
	at com.collaxa.cube.lang.compiler.BPEL1Processor.validate(BPEL1Processor.java:364)
	at com.collaxa.cube.lang.compiler.BPEL1Processor.process(BPEL1Processor.java:137)
	at com.collaxa.cube.lang.compiler.CubeParserHelper.compile(CubeParserHelper.java:47)
	at oracle.fabric.bpel.bpelc.BPELComponentValidator.validate(BPELComponentValidator.java:38)
	at oracle.soa.scac.ValidateComposite.validateComponentTypeServicesReferences(ValidateComposite.java:1156)
	at oracle.soa.scac.ValidateComposite.doValidation(ValidateComposite.java:577)
	at oracle.soa.scac.ValidateComposite.run(ValidateComposite.java:156)
	at oracle.soa.scac.ValidateComposite.main(ValidateComposite.java:141)
java.lang.NullPointerException
	at com.collaxa.cube.lang.compiler.bpel.BpelParser.setVarEntityDef(BpelParser.java:2203)
	at com.collaxa.cube.lang.compiler.bpel.BpelParser.parseVariable(BpelParser.java:2141)
	at com.collaxa.cube.lang.compiler.bpel.BpelParser.startElement(BpelParser.java:661)
	at com.collaxa.cube.lang.compiler.bpel.BpelParser.parseElement(BpelParser.java:554)
	at com.collaxa.cube.lang.compiler.bpel.BpelParser.parseElement(BpelParser.java:564)
	at com.collaxa.cube.lang.compiler.bpel.BpelParser.parseElement(BpelParser.java:564)
	at com.collaxa.cube.lang.compiler.bpel.BpelParser.parse(BpelParser.java:510)
	at com.collaxa.cube.lang.compiler.bpel.BpelParser.parse(BpelParser.java:448)
	at com.collaxa.cube.lang.compiler.bpel.BPELValidator.validate(BPELValidator.java:70)
	at com.collaxa.cube.lang.compiler.BPEL1Processor.validate(BPEL1Processor.java:364)
	at com.collaxa.cube.lang.compiler.BPEL1Processor.process(BPEL1Processor.java:137)
	at com.collaxa.cube.lang.compiler.CubeParserHelper.compile(CubeParserHelper.java:47)
	at oracle.fabric.bpel.bpelc.BPELComponentValidator.validate(BPELComponentValidator.java:38)
	at oracle.soa.scac.ValidateComposite.validateComponentTypeServicesReferences(ValidateComposite.java:1156)
	at oracle.soa.scac.ValidateComposite.doValidation(ValidateComposite.java:577)
	at oracle.soa.scac.ValidateComposite.run(ValidateComposite.java:156)
	at oracle.soa.scac.ValidateComposite.main(ValidateComposite.java:141)
SAXParseException in file fault-policies.xml
org.xml.sax.SAXParseException: <Line 71, Column 42>: XML-24534: (Error) Element 'enqueue' not expected.
	at oracle.xml.parser.v2.XMLError.flushErrorHandler(XMLError.java:422)
	at oracle.xml.parser.v2.XMLError.flushErrors1(XMLError.java:287)
	at oracle.xml.parser.v2.NonValidatingParser.parseDocument(NonValidatingParser.java:342)
	at oracle.xml.parser.v2.XMLParser.parse(XMLParser.java:319)
	at oracle.soa.scac.ValidationFaultUtil.validateStreamWithSchema(ValidationFaultUtil.java:146)
	at oracle.soa.scac.ValidationFaultUtil.validateWithSchema(ValidationFaultUtil.java:196)
	at oracle.soa.scac.ValidateComposite.validateFaultPolicy(ValidateComposite.java:1468)
	at oracle.soa.scac.ValidateComposite.doValidation(ValidateComposite.java:583)
	at oracle.soa.scac.ValidateComposite.run(ValidateComposite.java:156)
	at oracle.soa.scac.ValidateComposite.main(ValidateComposite.java:141)
SAXParseException in file fault-policies.xml
org.xml.sax.SAXParseException: <Line 74, Column 22>: XML-24521: (Error) Element not completed: 'Action'
	at oracle.xml.parser.v2.XMLError.flushErrorHandler(XMLError.java:422)
	at oracle.xml.parser.v2.XMLError.flushErrors1(XMLError.java:287)
	at oracle.xml.parser.v2.NonValidatingParser.parseDocument(NonValidatingParser.java:342)
	at oracle.xml.parser.v2.XMLParser.parse(XMLParser.java:319)
	at oracle.soa.scac.ValidationFaultUtil.validateStreamWithSchema(ValidationFaultUtil.java:146)
	at oracle.soa.scac.ValidationFaultUtil.validateWithSchema(ValidationFaultUtil.java:196)
	at oracle.soa.scac.ValidateComposite.validateFaultPolicy(ValidateComposite.java:1468)
	at oracle.soa.scac.ValidateComposite.doValidation(ValidateComposite.java:583)
	at oracle.soa.scac.ValidateComposite.run(ValidateComposite.java:156)
	at oracle.soa.scac.ValidateComposite.main(ValidateComposite.java:141)
SAXParseException in file fault-policies.xml
org.xml.sax.SAXParseException: <Line 76, Column 29>: XML-24534: (Error) Element 'fileAction' not expected.
	at oracle.xml.parser.v2.XMLError.flushErrorHandler(XMLError.java:422)
	at oracle.xml.parser.v2.XMLError.flushErrors1(XMLError.java:287)
	at oracle.xml.parser.v2.NonValidatingParser.parseDocument(NonValidatingParser.java:342)
	at oracle.xml.parser.v2.XMLParser.parse(XMLParser.java:319)
	at oracle.soa.scac.ValidationFaultUtil.validateStreamWithSchema(ValidationFaultUtil.java:146)
	at oracle.soa.scac.ValidationFaultUtil.validateWithSchema(ValidationFaultUtil.java:196)
	at oracle.soa.scac.ValidateComposite.validateFaultPolicy(ValidateComposite.java:1468)
	at oracle.soa.scac.ValidateComposite.doValidation(ValidateComposite.java:583)
	at oracle.soa.scac.ValidateComposite.run(ValidateComposite.java:156)
	at oracle.soa.scac.ValidateComposite.main(ValidateComposite.java:141)
SAXParseException in file fault-policies.xml
org.xml.sax.SAXParseException: <Line 82, Column 22>: XML-24521: (Error) Element not completed: 'Action'
	at oracle.xml.parser.v2.XMLError.flushErrorHandler(XMLError.java:422)
	at oracle.xml.parser.v2.XMLError.flushErrors1(XMLError.java:287)
	at oracle.xml.parser.v2.NonValidatingParser.parseDocument(NonValidatingParser.java:342)
	at oracle.xml.parser.v2.XMLParser.parse(XMLParser.java:319)
	at oracle.soa.scac.ValidationFaultUtil.validateStreamWithSchema(ValidationFaultUtil.java:146)
	at oracle.soa.scac.ValidationFaultUtil.validateWithSchema(ValidationFaultUtil.java:196)
	at oracle.soa.scac.ValidateComposite.validateFaultPolicy(ValidateComposite.java:1468)
	at oracle.soa.scac.ValidateComposite.doValidation(ValidateComposite.java:583)
	at oracle.soa.scac.ValidateComposite.run(ValidateComposite.java:156)
	at oracle.soa.scac.ValidateComposite.main(ValidateComposite.java:141)
