May 2, 2011 5:40:07 PM oracle.adf.share.ADFContext getCurrent
WARNING: Automatically initializing a DefaultContext for getCurrent.
Caller should ensure that a DefaultContext is proper for this use.
Memory leaks and/or unexpected behaviour may occur if the automatic initialization is performed improperly.
This message may be avoided by performing initADFContext before using getCurrent().
To see the stack trace for thread that is initializing this, set the logging level of oracle.adf.share.ADFContext to FINEST
May 2, 2011 5:40:11 PM oracle.adf.share.config.ADFMDSConfig createMDSInstanceFromelement
SEVERE: MDSConfigurationException encountered in parseADFConfigurationMDS-01335: namespace "/apps" mapped to metadata-store-usage "mstore-usage_1" but its definition was not found in MDS configuration. 
oracle.mds.config.MDSConfigurationException: MDS-01335: namespace "/apps" mapped to metadata-store-usage "mstore-usage_1" but its definition was not found in MDS configuration. 
	at oracle.mds.config.PConfig.populateNamespaceConfigList(PConfig.java:806)
	at oracle.mds.config.PConfig.loadFromBean(PConfig.java:712)
	at oracle.mds.config.PConfig.<init>(PConfig.java:499)
	at oracle.mds.config.MDSConfig.loadFromBean(MDSConfig.java:707)
	at oracle.mds.config.MDSConfig.loadFromElement(MDSConfig.java:764)
	at oracle.mds.config.MDSConfig.<init>(MDSConfig.java:420)
	at oracle.mds.core.MDSInstance.getMDSConfigFromDocument(MDSInstance.java:2055)
	at oracle.mds.core.MDSInstance.createMDSInstanceWithCustomizedConfig(MDSInstance.java:1197)
	at oracle.mds.core.MDSInstance.getOrCreateInstance(MDSInstance.java:580)
	at oracle.adf.share.config.ADFMDSConfig.createMDSInstanceFromelement(ADFMDSConfig.java:243)
	at oracle.adf.share.config.MDSConfigFactory.createApplication(MDSConfigFactory.java:123)
	at oracle.adf.share.config.ADFConfigFactory.findOrCreateADFConfig(ADFConfigFactory.java:143)
	at oracle.adf.share.config.ADFConfigFactory.findOrCreateADFConfig(ADFConfigFactory.java:79)
	at oracle.adf.share.config.ADFConfigFactory.findOrCreateADFConfig(ADFConfigFactory.java:57)
	at oracle.adf.share.ADFContext.getADFConfigEx(ADFContext.java:865)
	at oracle.adf.share.ADFContext.getADFConfig(ADFContext.java:712)
	at oracle.adf.share.config.ADFContextMDSConfigHelperImpl.createMDSSession(ADFContextMDSConfigHelperImpl.java:50)
	at oracle.adf.share.ADFContext.getMDSSessionAsObject(ADFContext.java:1541)
	at oracle.mds.internal.net.OraMDSURLConnection.getMDSSession(OraMDSURLConnection.java:97)
	at oracle.mds.internal.net.OraMDSURLConnection.getInputStream(OraMDSURLConnection.java:66)
	at java.net.URL.openStream(URL.java:1010)
	at oracle.j2ee.ws.wsdl.xml.WSDLReaderImpl.openAsStreamConnection(WSDLReaderImpl.java:565)
	at oracle.j2ee.ws.wsdl.xml.WSDLReaderImpl.readDocument(WSDLReaderImpl.java:427)
	at oracle.j2ee.ws.wsdl.xml.WSDLReaderImpl.readWSDL(WSDLReaderImpl.java:366)
	at oracle.j2ee.ws.wsdl.xml.WSDLReaderImpl.parseImport(WSDLReaderImpl.java:911)
	at oracle.j2ee.ws.wsdl.xml.WSDLReaderImpl.parseDefinition(WSDLReaderImpl.java:808)
	at oracle.j2ee.ws.wsdl.xml.WSDLReaderImpl.readWSDL(WSDLReaderImpl.java:707)
	at oracle.j2ee.ws.wsdl.xml.WSDLReaderImpl.readWSDL(WSDLReaderImpl.java:677)
	at oracle.fabric.common.wsdl.SchemaBuilder.convDOMElemToWSDLDef(SchemaBuilder.java:1239)
	at oracle.fabric.common.wsdl.SchemaBuilder.loadEmbeddedSchemas(SchemaBuilder.java:482)
	at oracle.fabric.common.wsdl.SchemaBuilder.loadSchemasFromWSDL(SchemaBuilder.java:431)
	at oracle.fabric.common.wsdl.SchemaBuilder.loadAllSchemas(SchemaBuilder.java:219)
	at oracle.fabric.common.wsdl.SchemaManager.loadAllXSD(SchemaManager.java:218)
	at oracle.fabric.common.wsdl.SchemaManager.buildXDKSchema(SchemaManager.java:445)
	at oracle.fabric.common.wsdl.SchemaManager.lookupSchema(SchemaManager.java:308)
	at oracle.fabric.common.wsdl.SchemaManager.lookupXSDElementDeclaration(SchemaManager.java:553)
	at oracle.soa.scac.WSDLValidator.validateMessageParts(WSDLValidator.java:112)
	at oracle.soa.scac.WSDLValidator.validateMessages(WSDLValidator.java:88)
	at oracle.soa.scac.WSDLValidator.validate(WSDLValidator.java:47)
	at oracle.soa.scac.WSDLValidator.validate(WSDLValidator.java:58)
	at oracle.soa.scac.WSDLValidator.validate(WSDLValidator.java:40)
	at oracle.soa.scac.ValidateComposite.loadWSDLs(ValidateComposite.java:964)
	at oracle.soa.scac.ValidateComposite.doValidation(ValidateComposite.java:491)
	at oracle.soa.scac.ValidateComposite.run(ValidateComposite.java:150)
	at oracle.soa.scac.ValidateComposite.main(ValidateComposite.java:135)
May 2, 2011 5:40:11 PM oracle.adf.share.config.MDSConfigFactory createApplication
INFO: 
oracle.adf.share.ADFShareException: MDSConfigurationException encountered in parseADFConfiguration
	at oracle.adf.share.config.ADFMDSConfig.createMDSInstanceFromelement(ADFMDSConfig.java:258)
	at oracle.adf.share.config.MDSConfigFactory.createApplication(MDSConfigFactory.java:123)
	at oracle.adf.share.config.ADFConfigFactory.findOrCreateADFConfig(ADFConfigFactory.java:143)
	at oracle.adf.share.config.ADFConfigFactory.findOrCreateADFConfig(ADFConfigFactory.java:79)
	at oracle.adf.share.config.ADFConfigFactory.findOrCreateADFConfig(ADFConfigFactory.java:57)
	at oracle.adf.share.ADFContext.getADFConfigEx(ADFContext.java:865)
	at oracle.adf.share.ADFContext.getADFConfig(ADFContext.java:712)
	at oracle.adf.share.config.ADFContextMDSConfigHelperImpl.createMDSSession(ADFContextMDSConfigHelperImpl.java:50)
	at oracle.adf.share.ADFContext.getMDSSessionAsObject(ADFContext.java:1541)
	at oracle.mds.internal.net.OraMDSURLConnection.getMDSSession(OraMDSURLConnection.java:97)
	at oracle.mds.internal.net.OraMDSURLConnection.getInputStream(OraMDSURLConnection.java:66)
	at java.net.URL.openStream(URL.java:1010)
	at oracle.j2ee.ws.wsdl.xml.WSDLReaderImpl.openAsStreamConnection(WSDLReaderImpl.java:565)
	at oracle.j2ee.ws.wsdl.xml.WSDLReaderImpl.readDocument(WSDLReaderImpl.java:427)
	at oracle.j2ee.ws.wsdl.xml.WSDLReaderImpl.readWSDL(WSDLReaderImpl.java:366)
	at oracle.j2ee.ws.wsdl.xml.WSDLReaderImpl.parseImport(WSDLReaderImpl.java:911)
	at oracle.j2ee.ws.wsdl.xml.WSDLReaderImpl.parseDefinition(WSDLReaderImpl.java:808)
	at oracle.j2ee.ws.wsdl.xml.WSDLReaderImpl.readWSDL(WSDLReaderImpl.java:707)
	at oracle.j2ee.ws.wsdl.xml.WSDLReaderImpl.readWSDL(WSDLReaderImpl.java:677)
	at oracle.fabric.common.wsdl.SchemaBuilder.convDOMElemToWSDLDef(SchemaBuilder.java:1239)
	at oracle.fabric.common.wsdl.SchemaBuilder.loadEmbeddedSchemas(SchemaBuilder.java:482)
	at oracle.fabric.common.wsdl.SchemaBuilder.loadSchemasFromWSDL(SchemaBuilder.java:431)
	at oracle.fabric.common.wsdl.SchemaBuilder.loadAllSchemas(SchemaBuilder.java:219)
	at oracle.fabric.common.wsdl.SchemaManager.loadAllXSD(SchemaManager.java:218)
	at oracle.fabric.common.wsdl.SchemaManager.buildXDKSchema(SchemaManager.java:445)
	at oracle.fabric.common.wsdl.SchemaManager.lookupSchema(SchemaManager.java:308)
	at oracle.fabric.common.wsdl.SchemaManager.lookupXSDElementDeclaration(SchemaManager.java:553)
	at oracle.soa.scac.WSDLValidator.validateMessageParts(WSDLValidator.java:112)
	at oracle.soa.scac.WSDLValidator.validateMessages(WSDLValidator.java:88)
	at oracle.soa.scac.WSDLValidator.validate(WSDLValidator.java:47)
	at oracle.soa.scac.WSDLValidator.validate(WSDLValidator.java:58)
	at oracle.soa.scac.WSDLValidator.validate(WSDLValidator.java:40)
	at oracle.soa.scac.ValidateComposite.loadWSDLs(ValidateComposite.java:964)
	at oracle.soa.scac.ValidateComposite.doValidation(ValidateComposite.java:491)
	at oracle.soa.scac.ValidateComposite.run(ValidateComposite.java:150)
	at oracle.soa.scac.ValidateComposite.main(ValidateComposite.java:135)
Caused by: oracle.mds.config.MDSConfigurationException: MDS-01335: namespace "/apps" mapped to metadata-store-usage "mstore-usage_1" but its definition was not found in MDS configuration. 
	at oracle.mds.config.PConfig.populateNamespaceConfigList(PConfig.java:806)
	at oracle.mds.config.PConfig.loadFromBean(PConfig.java:712)
	at oracle.mds.config.PConfig.<init>(PConfig.java:499)
	at oracle.mds.config.MDSConfig.loadFromBean(MDSConfig.java:707)
	at oracle.mds.config.MDSConfig.loadFromElement(MDSConfig.java:764)
	at oracle.mds.config.MDSConfig.<init>(MDSConfig.java:420)
	at oracle.mds.core.MDSInstance.getMDSConfigFromDocument(MDSInstance.java:2055)
	at oracle.mds.core.MDSInstance.createMDSInstanceWithCustomizedConfig(MDSInstance.java:1197)
	at oracle.mds.core.MDSInstance.getOrCreateInstance(MDSInstance.java:580)
	at oracle.adf.share.config.ADFMDSConfig.createMDSInstanceFromelement(ADFMDSConfig.java:243)
	... 35 more
May 2, 2011 5:40:14 PM oracle.adf.share.config.ADFMDSConfig parseADFConfiguration
SEVERE: MDSConfigurationException encountered in parseADFConfigurationMDS-01335: namespace "/apps" mapped to metadata-store-usage "mstore-usage_1" but its definition was not found in MDS configuration. 
oracle.mds.config.MDSConfigurationException: MDS-01335: namespace "/apps" mapped to metadata-store-usage "mstore-usage_1" but its definition was not found in MDS configuration. 
	at oracle.mds.config.PConfig.populateNamespaceConfigList(PConfig.java:806)
	at oracle.mds.config.PConfig.loadFromBean(PConfig.java:712)
	at oracle.mds.config.PConfig.<init>(PConfig.java:499)
	at oracle.mds.config.MDSConfig.loadFromBean(MDSConfig.java:707)
	at oracle.mds.config.MDSConfig.loadFromElement(MDSConfig.java:764)
	at oracle.mds.config.MDSConfig.<init>(MDSConfig.java:420)
	at oracle.mds.core.MDSInstance.getMDSConfigFromDocument(MDSInstance.java:2055)
	at oracle.mds.core.MDSInstance.createMDSInstanceWithCustomizedConfig(MDSInstance.java:1197)
	at oracle.mds.core.MDSInstance.getOrCreateInstance(MDSInstance.java:580)
	at oracle.adf.share.config.ADFMDSConfig.parseADFConfiguration(ADFMDSConfig.java:137)
	at sun.reflect.NativeMethodAccessorImpl.invoke0(Native Method)
	at sun.reflect.NativeMethodAccessorImpl.invoke(NativeMethodAccessorImpl.java:39)
	at sun.reflect.DelegatingMethodAccessorImpl.invoke(DelegatingMethodAccessorImpl.java:25)
	at java.lang.reflect.Method.invoke(Method.java:597)
	at oracle.adf.share.config.ADFConfigImpl.getResultFromComponent(ADFConfigImpl.java:460)
	at oracle.adf.share.config.ADFConfigImpl.getConfigObject(ADFConfigImpl.java:526)
	at oracle.adf.share.config.ADFConfigImpl.getConfigObject(ADFConfigImpl.java:509)
	at oracle.adf.share.config.ADFConfigImpl.getMDSInstance(ADFConfigImpl.java:565)
	at oracle.adf.share.config.ADFConfigImpl.getMDSInstance(ADFConfigImpl.java:560)
	at oracle.adf.share.config.ADFContextMDSConfigHelperImpl.createMDSSession(ADFContextMDSConfigHelperImpl.java:50)
	at oracle.adf.share.ADFContext.getMDSSessionAsObject(ADFContext.java:1541)
	at oracle.mds.internal.net.OraMDSURLConnection.getMDSSession(OraMDSURLConnection.java:97)
	at oracle.mds.internal.net.OraMDSURLConnection.getInputStream(OraMDSURLConnection.java:66)
	at java.net.URL.openStream(URL.java:1010)
	at oracle.j2ee.ws.wsdl.xml.WSDLReaderImpl.openAsStreamConnection(WSDLReaderImpl.java:565)
	at oracle.j2ee.ws.wsdl.xml.WSDLReaderImpl.readDocument(WSDLReaderImpl.java:427)
	at oracle.j2ee.ws.wsdl.xml.WSDLReaderImpl.readWSDL(WSDLReaderImpl.java:366)
	at oracle.j2ee.ws.wsdl.xml.WSDLReaderImpl.parseImport(WSDLReaderImpl.java:911)
	at oracle.j2ee.ws.wsdl.xml.WSDLReaderImpl.parseDefinition(WSDLReaderImpl.java:808)
	at oracle.j2ee.ws.wsdl.xml.WSDLReaderImpl.readWSDL(WSDLReaderImpl.java:707)
	at oracle.j2ee.ws.wsdl.xml.WSDLReaderImpl.readWSDL(WSDLReaderImpl.java:677)
	at oracle.fabric.common.wsdl.SchemaBuilder.convDOMElemToWSDLDef(SchemaBuilder.java:1239)
	at oracle.fabric.common.wsdl.SchemaBuilder.loadEmbeddedSchemas(SchemaBuilder.java:482)
	at oracle.fabric.common.wsdl.SchemaBuilder.loadSchemasFromWSDL(SchemaBuilder.java:431)
	at oracle.fabric.common.wsdl.SchemaBuilder.loadAllSchemas(SchemaBuilder.java:219)
	at oracle.fabric.common.wsdl.SchemaManager.loadAllXSD(SchemaManager.java:218)
	at oracle.fabric.common.wsdl.SchemaManager.buildXDKSchema(SchemaManager.java:445)
	at oracle.fabric.common.wsdl.SchemaManager.lookupSchema(SchemaManager.java:308)
	at oracle.fabric.common.wsdl.SchemaManager.lookupXSDElementDeclaration(SchemaManager.java:553)
	at oracle.soa.scac.WSDLValidator.validateMessageParts(WSDLValidator.java:112)
	at oracle.soa.scac.WSDLValidator.validateMessages(WSDLValidator.java:88)
	at oracle.soa.scac.WSDLValidator.validate(WSDLValidator.java:47)
	at oracle.soa.scac.WSDLValidator.validate(WSDLValidator.java:58)
	at oracle.soa.scac.WSDLValidator.validate(WSDLValidator.java:40)
	at oracle.soa.scac.ValidateComposite.loadWSDLs(ValidateComposite.java:964)
	at oracle.soa.scac.ValidateComposite.doValidation(ValidateComposite.java:491)
	at oracle.soa.scac.ValidateComposite.run(ValidateComposite.java:150)
	at oracle.soa.scac.ValidateComposite.main(ValidateComposite.java:135)
May 2, 2011 5:40:14 PM oracle.adf.share.config.ADFContextMDSConfigHelperImpl createMDSSession
INFO: 
oracle.adf.share.ADFShareException: MDSConfigurationException encountered in parseADFConfiguration
	at oracle.adf.share.config.ADFMDSConfig.parseADFConfiguration(ADFMDSConfig.java:178)
	at sun.reflect.NativeMethodAccessorImpl.invoke0(Native Method)
	at sun.reflect.NativeMethodAccessorImpl.invoke(NativeMethodAccessorImpl.java:39)
	at sun.reflect.DelegatingMethodAccessorImpl.invoke(DelegatingMethodAccessorImpl.java:25)
	at java.lang.reflect.Method.invoke(Method.java:597)
	at oracle.adf.share.config.ADFConfigImpl.getResultFromComponent(ADFConfigImpl.java:460)
	at oracle.adf.share.config.ADFConfigImpl.getConfigObject(ADFConfigImpl.java:526)
	at oracle.adf.share.config.ADFConfigImpl.getConfigObject(ADFConfigImpl.java:509)
	at oracle.adf.share.config.ADFConfigImpl.getMDSInstance(ADFConfigImpl.java:565)
	at oracle.adf.share.config.ADFConfigImpl.getMDSInstance(ADFConfigImpl.java:560)
	at oracle.adf.share.config.ADFContextMDSConfigHelperImpl.createMDSSession(ADFContextMDSConfigHelperImpl.java:50)
	at oracle.adf.share.ADFContext.getMDSSessionAsObject(ADFContext.java:1541)
	at oracle.mds.internal.net.OraMDSURLConnection.getMDSSession(OraMDSURLConnection.java:97)
	at oracle.mds.internal.net.OraMDSURLConnection.getInputStream(OraMDSURLConnection.java:66)
	at java.net.URL.openStream(URL.java:1010)
	at oracle.j2ee.ws.wsdl.xml.WSDLReaderImpl.openAsStreamConnection(WSDLReaderImpl.java:565)
	at oracle.j2ee.ws.wsdl.xml.WSDLReaderImpl.readDocument(WSDLReaderImpl.java:427)
	at oracle.j2ee.ws.wsdl.xml.WSDLReaderImpl.readWSDL(WSDLReaderImpl.java:366)
	at oracle.j2ee.ws.wsdl.xml.WSDLReaderImpl.parseImport(WSDLReaderImpl.java:911)
	at oracle.j2ee.ws.wsdl.xml.WSDLReaderImpl.parseDefinition(WSDLReaderImpl.java:808)
	at oracle.j2ee.ws.wsdl.xml.WSDLReaderImpl.readWSDL(WSDLReaderImpl.java:707)
	at oracle.j2ee.ws.wsdl.xml.WSDLReaderImpl.readWSDL(WSDLReaderImpl.java:677)
	at oracle.fabric.common.wsdl.SchemaBuilder.convDOMElemToWSDLDef(SchemaBuilder.java:1239)
	at oracle.fabric.common.wsdl.SchemaBuilder.loadEmbeddedSchemas(SchemaBuilder.java:482)
	at oracle.fabric.common.wsdl.SchemaBuilder.loadSchemasFromWSDL(SchemaBuilder.java:431)
	at oracle.fabric.common.wsdl.SchemaBuilder.loadAllSchemas(SchemaBuilder.java:219)
	at oracle.fabric.common.wsdl.SchemaManager.loadAllXSD(SchemaManager.java:218)
	at oracle.fabric.common.wsdl.SchemaManager.buildXDKSchema(SchemaManager.java:445)
	at oracle.fabric.common.wsdl.SchemaManager.lookupSchema(SchemaManager.java:308)
	at oracle.fabric.common.wsdl.SchemaManager.lookupXSDElementDeclaration(SchemaManager.java:553)
	at oracle.soa.scac.WSDLValidator.validateMessageParts(WSDLValidator.java:112)
	at oracle.soa.scac.WSDLValidator.validateMessages(WSDLValidator.java:88)
	at oracle.soa.scac.WSDLValidator.validate(WSDLValidator.java:47)
	at oracle.soa.scac.WSDLValidator.validate(WSDLValidator.java:58)
	at oracle.soa.scac.WSDLValidator.validate(WSDLValidator.java:40)
	at oracle.soa.scac.ValidateComposite.loadWSDLs(ValidateComposite.java:964)
	at oracle.soa.scac.ValidateComposite.doValidation(ValidateComposite.java:491)
	at oracle.soa.scac.ValidateComposite.run(ValidateComposite.java:150)
	at oracle.soa.scac.ValidateComposite.main(ValidateComposite.java:135)
Caused by: oracle.mds.config.MDSConfigurationException: MDS-01335: namespace "/apps" mapped to metadata-store-usage "mstore-usage_1" but its definition was not found in MDS configuration. 
	at oracle.mds.config.PConfig.populateNamespaceConfigList(PConfig.java:806)
	at oracle.mds.config.PConfig.loadFromBean(PConfig.java:712)
	at oracle.mds.config.PConfig.<init>(PConfig.java:499)
	at oracle.mds.config.MDSConfig.loadFromBean(MDSConfig.java:707)
	at oracle.mds.config.MDSConfig.loadFromElement(MDSConfig.java:764)
	at oracle.mds.config.MDSConfig.<init>(MDSConfig.java:420)
	at oracle.mds.core.MDSInstance.getMDSConfigFromDocument(MDSInstance.java:2055)
	at oracle.mds.core.MDSInstance.createMDSInstanceWithCustomizedConfig(MDSInstance.java:1197)
	at oracle.mds.core.MDSInstance.getOrCreateInstance(MDSInstance.java:580)
	at oracle.adf.share.config.ADFMDSConfig.parseADFConfiguration(ADFMDSConfig.java:137)
	... 38 more
May 2, 2011 5:40:15 PM com.collaxa.cube.CubeLogger info
INFO: validating "ETH_BPEL_B2BMsg_Enqueue.bpel" ...
oracle.jrf.UnknownPlatformException: JRF is unable to determine the current application server platform.
	at oracle.jrf.ServerPlatformSupportFactory.getInstance(ServerPlatformSupportFactory.java:79)
	at oracle.integration.platform.blocks.WLSPlatformConfigurationProvider.<clinit>(WLSPlatformConfigurationProvider.java:44)
	at oracle.integration.platform.blocks.FabricConfigManager.<clinit>(FabricConfigManager.java:154)
	at oracle.integration.platform.blocks.xpath.FabricXPathFunctionResolver.loadXpathFunctions(FabricXPathFunctionResolver.java:282)
	at oracle.integration.platform.blocks.xpath.FabricXPathFunctionResolver.loadXPathConfigFile(FabricXPathFunctionResolver.java:156)
	at oracle.integration.platform.blocks.xpath.FabricXPathFunctionResolver.init(FabricXPathFunctionResolver.java:49)
	at com.collaxa.cube.xml.xpath.BPELXPathFunctionNameResolver.loadFabricXpathFunctions(BPELXPathFunctionNameResolver.java:57)
	at com.collaxa.cube.xml.xpath.BPELXPathFunctionNameResolver.<init>(BPELXPathFunctionNameResolver.java:48)
	at com.collaxa.cube.xml.xpath.BPELXPathFunctionNameResolver.<clinit>(BPELXPathFunctionNameResolver.java:44)
	at com.collaxa.cube.lang.compiler.bpel.XPathExprValidatorVisitor.<init>(XPathExprValidatorVisitor.java:122)
	at com.collaxa.cube.lang.compiler.bpel.AssignValidator.<init>(AssignValidator.java:89)
	at com.collaxa.cube.lang.compiler.bpel.BpelParser.<init>(BpelParser.java:452)
	at com.collaxa.cube.lang.compiler.bpel.BPELValidator.validate(BPELValidator.java:60)
	at com.collaxa.cube.lang.compiler.BPEL1Processor.validate(BPEL1Processor.java:329)
	at com.collaxa.cube.lang.compiler.BPEL1Processor.process(BPEL1Processor.java:153)
	at com.collaxa.cube.lang.compiler.CubeParserHelper.compile(CubeParserHelper.java:47)
	at oracle.fabric.bpel.bpelc.BPELComponentValidator.validate(BPELComponentValidator.java:40)
	at oracle.soa.scac.ValidateComposite.validateComponentTypeServicesReferences(ValidateComposite.java:1117)
	at oracle.soa.scac.ValidateComposite.doValidation(ValidateComposite.java:500)
	at oracle.soa.scac.ValidateComposite.run(ValidateComposite.java:150)
	at oracle.soa.scac.ValidateComposite.main(ValidateComposite.java:135)
