Feb 22, 2012 1:15:49 PM oracle.fabric.common.wsdl.SchemaManager isIncrementalBuildSupported
INFO: XMLSchema incremental build enabled.
oracle.jrf.UnknownPlatformException: JRF is unable to determine the current application server platform.
	at oracle.jrf.ServerPlatformSupportFactory.getInstance(ServerPlatformSupportFactory.java:79)
	at oracle.integration.platform.blocks.WLSPlatformConfigurationProvider.<clinit>(WLSPlatformConfigurationProvider.java:44)
	at oracle.integration.platform.blocks.FabricConfigManager.<clinit>(FabricConfigManager.java:155)
	at oracle.integration.platform.blocks.xpath.FabricXPathFunctionResolver.loadXpathFunctions(FabricXPathFunctionResolver.java:271)
	at oracle.integration.platform.blocks.xpath.FabricXPathFunctionResolver.loadXPathConfigFile(FabricXPathFunctionResolver.java:153)
	at oracle.integration.platform.blocks.xpath.FabricXPathFunctionResolver.init(FabricXPathFunctionResolver.java:51)
	at com.collaxa.cube.xml.xpath.BPELXPathFunctionNameResolver.loadFabricXpathFunctions(BPELXPathFunctionNameResolver.java:57)
	at com.collaxa.cube.xml.xpath.BPELXPathFunctionNameResolver.<init>(BPELXPathFunctionNameResolver.java:48)
	at com.collaxa.cube.xml.xpath.BPELXPathFunctionNameResolver.<clinit>(BPELXPathFunctionNameResolver.java:44)
	at oracle.bpel.common.validator.helpers.OracleModelQueryImpl.lookupFunction(OracleModelQueryImpl.java:647)
	at org.eclipse.bpel.validator.xpath.CExpr.lookup(CExpr.java:147)
	at org.eclipse.bpel.validator.xpath.XPathBpelFunctionsValidator.CheckFunctions(XPathBpelFunctionsValidator.java:47)
	at sun.reflect.NativeMethodAccessorImpl.invoke0(Native Method)
	at sun.reflect.NativeMethodAccessorImpl.invoke(NativeMethodAccessorImpl.java:39)
	at sun.reflect.DelegatingMethodAccessorImpl.invoke(DelegatingMethodAccessorImpl.java:25)
	at java.lang.reflect.Method.invoke(Method.java:597)
	at org.eclipse.bpel.validator.model.Rules$Rule.invoke(Rules.java:316)
	at org.eclipse.bpel.validator.model.RuleRunner.runRules(RuleRunner.java:81)
	at org.eclipse.bpel.validator.model.Validator.runRules(Validator.java:428)
	at org.eclipse.bpel.validator.model.Validator.runRulesInChain(Validator.java:433)
	at org.eclipse.bpel.validator.xpath.CExpr.runRulesInChain(CExpr.java:199)
	at org.eclipse.bpel.validator.xpath.XPathVisitor.visit(XPathVisitor.java:282)
	at org.eclipse.bpel.validator.xpath.XPathVisitor.visitExpr(XPathVisitor.java:582)
	at org.eclipse.bpel.validator.xpath.XPathVisitor.visit(XPathVisitor.java:553)
	at org.eclipse.bpel.validator.xpath.From.CheckGeneralExpression(From.java:45)
	at sun.reflect.NativeMethodAccessorImpl.invoke0(Native Method)
	at sun.reflect.NativeMethodAccessorImpl.invoke(NativeMethodAccessorImpl.java:39)
	at sun.reflect.DelegatingMethodAccessorImpl.invoke(DelegatingMethodAccessorImpl.java:25)
	at java.lang.reflect.Method.invoke(Method.java:597)
	at org.eclipse.bpel.validator.model.Rules$Rule.invoke(Rules.java:316)
	at org.eclipse.bpel.validator.model.RuleRunner.runRules(RuleRunner.java:81)
	at org.eclipse.bpel.validator.model.Validator.validate(Validator.java:243)
	at org.eclipse.bpel.validator.model.Runner.run(Runner.java:125)
	at oracle.bpel.lang.v20.validator.helpers.OracleBpelREMValidator.validate(OracleBpelREMValidator.java:223)
	at oracle.bpel.lang.v20.validator.helpers.OracleBpelREMValidator.validate(OracleBpelREMValidator.java:114)
	at oracle.bpel.lang.v20.validator.BPEL20Validator.validate(BPEL20Validator.java:77)
	at com.collaxa.cube.lang.compiler.BPEL2Processor.validate(BPEL2Processor.java:170)
	at com.collaxa.cube.lang.compiler.BPEL2Processor.process(BPEL2Processor.java:119)
	at com.collaxa.cube.lang.compiler.BPEL2Processor.process(BPEL2Processor.java:107)
	at com.collaxa.cube.lang.compiler.CubeParserHelper.compile(CubeParserHelper.java:47)
	at oracle.fabric.bpel.bpelc.BPELComponentValidator.validate(BPELComponentValidator.java:40)
	at oracle.soa.scac.ValidateComposite.validateComponentTypeServicesReferences(ValidateComposite.java:1117)
	at oracle.soa.scac.ValidateComposite.doValidation(ValidateComposite.java:500)
	at oracle.soa.scac.ValidateComposite.run(ValidateComposite.java:150)
	at oracle.soa.scac.ValidateComposite.main(ValidateComposite.java:135)
