***************************************************
Wed Mar 10 12:20:30 GMT+05:30 2010
***************************************************
PROD_SOA_SERVER - http://soa.emerson.com:8800/esb  200  OK  1578ms
PROD_SOA_SERVER - http://soa.emerson.com:8800/BPELConsole  200  OK  1281ms
PROD_SOA_SERVER - http://soa.emerson.com:8800/em  200  OK  1297ms
PROD_SOA_SERVER - http://soa-p1.emerson.com:8800/esb  ERROR  Connection refused: connect  2047ms
PROD_SOA_SERVER - http://soa-p1.emerson.com:8800/BPELConsole  ERROR  Connection refused: connect  1750ms
PROD_SOA_SERVER - http://soa-p1.emerson.com:8800/em  ERROR  Connection refused: connect  1906ms
PROD_SOA_SERVER - http://soa-p2.emerson.com:8800/esb  200  OK  1453ms
PROD_SOA_SERVER - http://soa-p2.emerson.com:8800/BPELConsole  200  OK  1484ms
PROD_SOA_SERVER - http://soa-p2.emerson.com:8800/em  200  OK  1313ms
PROD_ADF_SERVER - http://elshap2.emerson.com:8080/em  200  OK  1187ms
PROD_ADF_SERVER - http://erikap2.emerson.com:8080/em  200  OK  1235ms
PROD_ETH - http://elshap2.emerson.com:8080/ETHWebApplication/faces/webpages/ETHArchiveSearchPg.jspx  200  OK  625ms
PROD_VDST - http://elshap2.emerson.com:8080/ClosetMaid/Server/Admin/  200  OK  1985ms
PROD_VDST - https://vdst.emerson.com/ClosetMaid/Server/  200  OK  1781ms
PROD_VDST - http://elshap2.emerson.com:8080/ClosetMaid/Server/  200  OK  594ms
PROD_VDST - https://vdst.emerson.com/ClosetMaid/Client/  200  OK  1297ms
PROD_VDST - http://elshap2.emerson.com:8080/ClosetMaid/Client/  200  OK  609ms
PROD_VDST - http://www.closetmaid.com/vdst2/index.jnlp  200  OK  1265ms
PROD_VDST - http://elshap2.emerson.com:8080/WeatherGuard/Server/Admin/  200  OK  2000ms
PROD_VDST - https://vdst.emerson.com/WeatherGuard/Server/  200  OK  1204ms
PROD_VDST - http://elshap2.emerson.com:8080/WeatherGuard/Server/  200  OK  578ms
PROD_VDST - https://vdst.emerson.com/WeatherGuard/Client/  200  OK  1343ms
PROD_VDST - http://elshap2.emerson.com:8080/WeatherGuard/Client/  200  OK  657ms
PROD_VDST - http://216.105.104.228/vdst1/vdst.asmx  200  OK  1296ms
STAGE_SOA_SERVER - http://soa-stg.emerson.com:8800/esb  200  OK  1422ms
STAGE_SOA_SERVER - http://soa-stg.emerson.com:8800/BPELConsole  200  OK  1422ms
STAGE_SOA_SERVER - http://soa-stg.emerson.com:8800/em  200  OK  1359ms
STAGE_ADF_SERVER - http://elshas2.emerson.com:8080/em  200  OK  1344ms
STAGE_ADF_SERVER - http://erikas2.emerson.com:8080/em  200  OK  1375ms
STAGE_ETH - http://elshas2.emerson.com:8080/ETHWebApplication/faces/webpages/ETHArchiveSearchPg.jspx  200  OK  703ms
STAGE_VDST - http://elshas2.emerson.com:8080/ClosetMaid/Server/Admin/  200  OK  2078ms
STAGE_VDST - https://vdst.stage.emerson.com/ClosetMaid/Server/  200  OK  1391ms
STAGE_VDST - http://elshas2.emerson.com:8080/ClosetMaid/Server/  200  OK  718ms
STAGE_VDST - https://vdst.stage.emerson.com/ClosetMaid/Client/  200  OK  1344ms
STAGE_VDST - http://elshas2.emerson.com:8080/ClosetMaid/Client/  200  OK  687ms
STAGE_VDST - http://elshas2.emerson.com:8080/WeatherGuard/Server/Admin/  200  OK  2203ms
STAGE_VDST - https://vdst.stage.emerson.com/WeatherGuard/Server/  200  OK  1391ms
STAGE_VDST - http://elshas2.emerson.com:8080/WeatherGuard/Server/  200  OK  656ms
STAGE_VDST - http://elshas2.emerson.com:8080/WeatherGuard/Client/  200  OK  656ms
STAGE_VDST - https://vdst.stage.emerson.com/WeatherGuard/Client/  200  OK  1359ms
STAGE_VDST - http://staging.weatherguard.com/vdst/jnlp.php/vdst.jnlp  200  OK  1297ms
STAGE_VDST - http://staging.weatherguard.com/vdstauthservice.asmx  200  OK  1187ms
STAGE_VDST - http://10.236.94.105:8080/VDSTIDM/IDMWebService  ERROR  Connection refused: connect  7125ms
DEV_SOA_SERVER - http://elshad2.emerson.com:35000/esb  200  OK  1328ms
DEV_SOA_SERVER - http://elshad2.emerson.com:35000/BPELConsole  200  OK  1657ms
DEV_SOA_SERVER - http://elshad2.emerson.com:35000/em  200  OK  1375ms
DEV_ADF_SERVER - http://elshad2.emerson.com:8080/em  200  OK  1406ms
DEV_ADF_SERVER - http://erikad2.emerson.com:8080/em  200  OK  1390ms
DEV_ETH - http://elshad2.emerson.com:8080/ETHWebApplication/faces/webpages/ETHArchiveSearchPg.jspx  200  OK  703ms
***************************************************

***************************************************
Wed Mar 10 12:29:58 GMT+05:30 2010
***************************************************
PROD_SOA_SERVER - http://soa.emerson.com:8800/esb  200  OK  1266ms
PROD_SOA_SERVER - http://soa.emerson.com:8800/BPELConsole  200  OK  1250ms
PROD_SOA_SERVER - http://soa.emerson.com:8800/em  200  OK  1187ms
PROD_SOA_SERVER - http://soa-p1.emerson.com:8080/esb  200  OK  1203ms
PROD_SOA_SERVER - http://soa-p1.emerson.com:8080/BPELConsole  200  OK  1235ms
PROD_SOA_SERVER - http://soa-p1.emerson.com:8080/em  200  OK  1187ms
PROD_SOA_SERVER - http://soa-p2.emerson.com:8080/esb  ERROR  Connection refused: connect  1688ms
PROD_SOA_SERVER - http://soa-p2.emerson.com:8080/BPELConsole  ERROR  Connection refused: connect  1844ms
PROD_SOA_SERVER - http://soa-p2.emerson.com:8080/em  ERROR  Connection refused: connect  1765ms
PROD_ADF_SERVER - http://elshap2.emerson.com:8080/em  200  OK  1188ms
PROD_ADF_SERVER - http://erikap2.emerson.com:8080/em  200  OK  1140ms
PROD_ETH - http://elshap2.emerson.com:8080/ETHWebApplication/faces/webpages/ETHArchiveSearchPg.jspx  200  OK  625ms
PROD_VDST - http://elshap2.emerson.com:8080/ClosetMaid/Server/Admin/  200  OK  1891ms
PROD_VDST - https://vdst.emerson.com/ClosetMaid/Server/  200  OK  1656ms
PROD_VDST - http://elshap2.emerson.com:8080/ClosetMaid/Server/  200  OK  578ms
PROD_VDST - https://vdst.emerson.com/ClosetMaid/Client/  200  OK  1156ms
PROD_VDST - http://elshap2.emerson.com:8080/ClosetMaid/Client/  200  OK  594ms
PROD_VDST - http://www.closetmaid.com/vdst2/index.jnlp  200  OK  1328ms
PROD_VDST - http://elshap2.emerson.com:8080/WeatherGuard/Server/Admin/  200  OK  1828ms
PROD_VDST - https://vdst.emerson.com/WeatherGuard/Server/  200  OK  1188ms
PROD_VDST - http://elshap2.emerson.com:8080/WeatherGuard/Server/  200  OK  594ms
PROD_VDST - https://vdst.emerson.com/WeatherGuard/Client/  200  OK  1359ms
PROD_VDST - http://elshap2.emerson.com:8080/WeatherGuard/Client/  200  OK  578ms
PROD_VDST - http://216.105.104.228/vdst1/vdst.asmx  200  OK  1188ms
STAGE_SOA_SERVER - http://soa-stg.emerson.com:8800/esb  200  OK  1297ms
STAGE_SOA_SERVER - http://soa-stg.emerson.com:8800/BPELConsole  200  OK  1296ms
STAGE_SOA_SERVER - http://soa-stg.emerson.com:8800/em  200  OK  1235ms
STAGE_ADF_SERVER - http://elshas2.emerson.com:8080/em  200  OK  1234ms
STAGE_ADF_SERVER - http://erikas2.emerson.com:8080/em  200  OK  1281ms
STAGE_ETH - http://elshas2.emerson.com:8080/ETHWebApplication/faces/webpages/ETHArchiveSearchPg.jspx  200  OK  688ms
STAGE_VDST - http://elshas2.emerson.com:8080/ClosetMaid/Server/Admin/  200  OK  2062ms
STAGE_VDST - https://vdst.stage.emerson.com/ClosetMaid/Server/  200  OK  1328ms
STAGE_VDST - http://elshas2.emerson.com:8080/ClosetMaid/Server/  200  OK  610ms
STAGE_VDST - https://vdst.stage.emerson.com/ClosetMaid/Client/  200  OK  1281ms
STAGE_VDST - http://elshas2.emerson.com:8080/ClosetMaid/Client/  200  OK  609ms
STAGE_VDST - http://elshas2.emerson.com:8080/WeatherGuard/Server/Admin/  200  OK  2000ms
STAGE_VDST - https://vdst.stage.emerson.com/WeatherGuard/Server/  200  OK  1328ms
STAGE_VDST - http://elshas2.emerson.com:8080/WeatherGuard/Server/  200  OK  641ms
STAGE_VDST - http://elshas2.emerson.com:8080/WeatherGuard/Client/  200  OK  609ms
STAGE_VDST - https://vdst.stage.emerson.com/WeatherGuard/Client/  200  OK  1313ms
STAGE_VDST - http://staging.weatherguard.com/vdst/jnlp.php/vdst.jnlp  200  OK  1203ms
STAGE_VDST - http://staging.weatherguard.com/vdstauthservice.asmx  200  OK  1172ms
DEV_SOA_SERVER - http://elshad2.emerson.com:35000/esb  200  OK  1281ms
DEV_SOA_SERVER - http://elshad2.emerson.com:35000/BPELConsole  200  OK  1375ms
DEV_SOA_SERVER - http://elshad2.emerson.com:35000/em  200  OK  1234ms
DEV_ADF_SERVER - http://elshad2.emerson.com:8080/em  200  OK  1235ms
DEV_ADF_SERVER - http://erikad2.emerson.com:8080/em  200  OK  1297ms
DEV_ETH - http://elshad2.emerson.com:8080/ETHWebApplication/faces/webpages/ETHArchiveSearchPg.jspx  200  OK  671ms
***************************************************

***************************************************
Fri Mar 12 15:28:40 GMT+05:30 2010
***************************************************
PROD_SOA_SERVER - http://soa.emerson.com:8800/esb  200  OK  1453ms
PROD_SOA_SERVER - http://soa.emerson.com:8800/BPELConsole  502  Proxy Error  300604ms
PROD_SOA_SERVER - http://soa.emerson.com:8800/em  200  OK  1203ms
PROD_SOA_SERVER - http://soa-p1.emerson.com:8080/esb  200  OK  1250ms
PROD_SOA_SERVER - http://soa-p1.emerson.com:8080/BPELConsole  500  Internal Server Error  301999ms
PROD_SOA_SERVER - http://soa-p1.emerson.com:8080/em  200  OK  1219ms
PROD_SOA_SERVER - http://soa-p2.emerson.com:8080/esb  200  OK  1250ms
PROD_SOA_SERVER - http://soa-p2.emerson.com:8080/BPELConsole  500  Internal Server Error  625ms
PROD_SOA_SERVER - http://soa-p2.emerson.com:8080/em  200  OK  1203ms
PROD_ADF_SERVER - http://elshap2.emerson.com:8080/em  200  OK  1187ms
PROD_ADF_SERVER - http://erikap2.emerson.com:8080/em  200  OK  1375ms
PROD_ETH - http://elshap2.emerson.com:8080/ETHWebApplication/faces/webpages/ETHArchiveSearchPg.jspx  200  OK  781ms
STAGE_SOA_SERVER - http://soa-stg.emerson.com:8800/esb  200  OK  1422ms
STAGE_SOA_SERVER - http://soa-stg.emerson.com:8800/BPELConsole  200  OK  1984ms
STAGE_SOA_SERVER - http://soa-stg.emerson.com:8800/em  200  OK  1610ms
STAGE_ADF_SERVER - http://elshas2.emerson.com:8080/em  200  OK  1250ms
STAGE_ETH - http://elshas2.emerson.com:8080/ETHWebApplication/faces/webpages/ETHArchiveSearchPg.jspx  200  OK  718ms
STAGE_VDST - http://elshas2.emerson.com:8080/ClosetMaid/Server/Admin/  200  OK  2016ms
STAGE_VDST - http://elshas2.emerson.com:8080/ClosetMaid/Server/  200  OK  640ms
STAGE_VDST - http://elshas2.emerson.com:8080/ClosetMaid/Client/  200  OK  625ms
STAGE_VDST - http://elshas2.emerson.com:8080/WeatherGuard/Server/Admin/  200  OK  2047ms
STAGE_VDST - http://elshas2.emerson.com:8080/WeatherGuard/Server/  200  OK  656ms
STAGE_VDST - http://elshas2.emerson.com:8080/WeatherGuard/Client/  200  OK  641ms
IPROServices - http://soa-stg.emerson.com:8800/orabpel/iProServices/GenericLookupEmrsnReqABCSImpl/1.0/GenericLookupEmrsnReqABCSImpl?wsdl  200  OK  657ms
TMSServices - http://elshad2.emrsn.com:35000/orabpel/TMSServices/DeliverFileEBF/1.0/DeliverFileEBF?wsdl  200  OK  703ms
***************************************************

***************************************************
Mon Mar 22 14:46:27 GMT+05:30 2010
***************************************************
PROD_SOA_SERVER - http://soa.emerson.com:8800/esb  200  OK  1812ms
PROD_SOA_SERVER - http://soa.emerson.com:8800/BPELConsole  200  OK  1578ms
PROD_SOA_SERVER - http://soa.emerson.com:8800/em  200  OK  1390ms
PROD_SOA_SERVER - http://soa-p1.emerson.com:8080/esb  200  OK  1187ms
PROD_SOA_SERVER - http://soa-p1.emerson.com:8080/BPELConsole  200  OK  54869ms
PROD_SOA_SERVER - http://soa-p1.emerson.com:8080/em  200  OK  1172ms
PROD_ADF_SERVER - http://elshap2.emerson.com:8080/em  200  OK  1234ms
PROD_ADF_SERVER - http://erikap2.emerson.com:8080/em  200  OK  1218ms
PROD_ETH - http://elshap2.emerson.com:8080/ETHWebApplication/faces/webpages/ETHArchiveSearchPg.jspx  200  OK  641ms
STAGE_SOA_SERVER - http://soa-stg.emerson.com:8800/esb  200  OK  1422ms
STAGE_SOA_SERVER - http://soa-stg.emerson.com:8800/BPELConsole  200  OK  1421ms
STAGE_SOA_SERVER - http://soa-stg.emerson.com:8800/em  200  OK  1328ms
STAGE_ADF_SERVER - http://elshas2.emerson.com:8080/em  200  OK  1313ms
STAGE_ETH - http://elshas2.emerson.com:8080/ETHWebApplication/faces/webpages/ETHArchiveSearchPg.jspx  200  OK  687ms
STAGE_VDST - http://elshas2.emerson.com:8080/ClosetMaid/Server/Admin/  200  OK  2015ms
STAGE_VDST - http://elshas2.emerson.com:8080/ClosetMaid/Server/  200  OK  657ms
STAGE_VDST - http://elshas2.emerson.com:8080/ClosetMaid/Client/  200  OK  640ms
STAGE_VDST - http://elshas2.emerson.com:8080/WeatherGuard/Server/Admin/  200  OK  2015ms
STAGE_VDST - http://elshas2.emerson.com:8080/WeatherGuard/Server/  200  OK  657ms
STAGE_VDST - http://elshas2.emerson.com:8080/WeatherGuard/Client/  200  OK  640ms
IPROServices - http://soa-stg.emerson.com:8800/orabpel/iProServices/GenericLookupEmrsnReqABCSImpl/1.0/GenericLookupEmrsnReqABCSImpl?wsdl  200  OK  703ms
TMSServices - http://elshad2.emrsn.com:35000/orabpel/TMSServices/DeliverFileEBF/1.0/DeliverFileEBF?wsdl  200  OK  672ms
***************************************************

***************************************************
Wed Mar 31 21:06:19 GMT+05:30 2010
***************************************************
PROD_SOA_SERVER - http://soa.emerson.com:8800/esb  200  OK  2359ms
PROD_SOA_SERVER - http://soa.emerson.com:8800/BPELConsole  200  OK  2016ms
PROD_SOA_SERVER - http://soa.emerson.com:8800/em  200  OK  2047ms
PROD_SOA_SERVER - http://soa-p1.emerson.com:8080/esb  200  OK  2453ms
PROD_SOA_SERVER - http://soa-p1.emerson.com:8080/BPELConsole  200  OK  5234ms
PROD_SOA_SERVER - http://soa-p1.emerson.com:8080/em  200  OK  1688ms
PROD_ADF_SERVER - http://elshap2.emerson.com:8080/em  200  OK  1890ms
PROD_ADF_SERVER - http://erikap2.emerson.com:8080/em  200  OK  1735ms
PROD_ETH - http://elshap2.emerson.com:8080/ETHWebApplication/faces/webpages/ETHArchiveSearchPg.jspx  200  OK  1015ms
STAGE_SOA_SERVER - http://soa-stg.emerson.com:8800/esb  200  OK  2047ms
STAGE_SOA_SERVER - http://soa-stg.emerson.com:8800/BPELConsole  200  OK  30765ms
STAGE_SOA_SERVER - http://soa-stg.emerson.com:8800/em  200  OK  1937ms
STAGE_ADF_SERVER - http://elshas2.emerson.com:8080/em  200  OK  1985ms
STAGE_ETH - http://elshas2.emerson.com:8080/ETHWebApplication/faces/webpages/ETHArchiveSearchPg.jspx  200  OK  953ms
STAGE_VDST - http://elshas2.emerson.com:8080/ClosetMaid/Server/Admin/  200  OK  3047ms
STAGE_VDST - http://elshas2.emerson.com:8080/ClosetMaid/Server/  200  OK  953ms
STAGE_VDST - http://elshas2.emerson.com:8080/ClosetMaid/Client/  200  OK  1015ms
STAGE_VDST - http://elshas2.emerson.com:8080/WeatherGuard/Server/Admin/  200  OK  2953ms
STAGE_VDST - http://elshas2.emerson.com:8080/WeatherGuard/Server/  200  OK  891ms
STAGE_VDST - http://elshas2.emerson.com:8080/WeatherGuard/Client/  200  OK  969ms
IPROServices - http://soa-stg.emerson.com:8800/orabpel/iProServices/GenericLookupEmrsnReqABCSImpl/1.0/GenericLookupEmrsnReqABCSImpl?wsdl  200  OK  23735ms
TMSServices - http://elshad2.emrsn.com:35000/orabpel/TMSServices/DeliverFileEBF/1.0/DeliverFileEBF?wsdl  ERROR  Connection refused: connect  2937ms
***************************************************

***************************************************
Wed Apr 14 16:58:26 GMT+05:30 2010
***************************************************
PROD_SOA_SERVER - http://soa.emerson.com:8800/esb  200  OK  1281ms
PROD_SOA_SERVER - http://soa.emerson.com:8800/BPELConsole  200  OK  1235ms
PROD_SOA_SERVER - http://soa.emerson.com:8800/em  200  OK  1140ms
PROD_SOA_SERVER - http://soa-p1.emerson.com:8080/esb  200  OK  1235ms
PROD_SOA_SERVER - http://soa-p1.emerson.com:8080/BPELConsole  200  OK  1172ms
PROD_SOA_SERVER - http://soa-p1.emerson.com:8080/em  200  OK  1172ms
PROD_ADF_SERVER - http://elshap2.emerson.com:8080/em  200  OK  1157ms
PROD_ADF_SERVER - http://erikap2.emerson.com:8080/em  200  OK  1156ms
PROD_ETH - http://elshap2.emerson.com:8080/ETHWebApplication/faces/webpages/ETHArchiveSearchPg.jspx  200  OK  609ms
PROD_ETH - http://elshap2.emerson.com:8080/ETHWebApplication/faces/webpages/ETHArchiveSearchPg.jspx  200  OK  609ms  ERROR  Index: 19, Size: 19  1271244516989ms
***************************************************

***************************************************
Wed Apr 14 17:00:15 GMT+05:30 2010
***************************************************
PROD_SOA_SERVER - http://soa.emerson.com:8800/esb  200  OK  1157ms
PROD_SOA_SERVER - http://soa.emerson.com:8800/BPELConsole  200  OK  1156ms
PROD_SOA_SERVER - http://soa.emerson.com:8800/em  200  OK  1203ms
PROD_SOA_SERVER - http://soa-p1.emerson.com:8080/esb  200  OK  1141ms
PROD_SOA_SERVER - http://soa-p1.emerson.com:8080/BPELConsole  200  OK  1484ms
PROD_SOA_SERVER - http://soa-p1.emerson.com:8080/em  200  OK  1172ms
PROD_ADF_SERVER - http://elshap2.emerson.com:8080/em  200  OK  1172ms
PROD_ADF_SERVER - http://erikap2.emerson.com:8080/em  200  OK  1187ms
PROD_ETH - http://elshap2.emerson.com:8080/ETHWebApplication/faces/webpages/ETHArchiveSearchPg.jspx  200  OK  594ms
PROD_REACH - https://compliance.emerson.com/welcome.html  200  OK  1782ms
PROD_REACH - https://compliance.emerson.com/Internal/faces/  200  OK  1172ms
PROD_REACH - https://compliance.emerson.com/External/faces/  200  OK  1188ms
PROD_REACH - http://soa.emerson.com:8800/orabpel/ReachServices/RCH_BPEL_AdminApproval_Rejection/3.0/RCH_BPEL_AdminApproval_Rejection?wsdl  200  OK  703ms
PROD_REACH - http://soa.emerson.com:8800/orabpel/ReachServices/RCH_BPEL_BRValidation/1.0/RCH_BPEL_BRValidation?wsdl  200  OK  719ms
PROD_REACH - http://soa.emerson.com:8800/orabpel/ReachServices/RCH_BPEL_Complete_Reject/1.0/RCH_BPEL_Complete_Reject?wsdl  200  OK  625ms
PROD_REACH - http://soa.emerson.com:8800/orabpel/ReachServices/RCH_BPEL_Excel/3.0/RCH_BPEL_Excel?wsdl  200  OK  671ms
PROD_REACH - http://soa.emerson.com:8800/orabpel/ReachServices/RCH_BPEL_IPCXML/3.0/RCH_BPEL_IPCXML?wsdl  200  OK  657ms
PROD_REACH - http://soa.emerson.com:8800/orabpel/ReachServices/RCH_BPEL_MPNChange/1.0/RCH_BPEL_MPNChange?wsdl  200  OK  625ms
PROD_REACH - http://soa.emerson.com:8800/orabpel/ReachServices/RCH_BPEL_NewItemRequest/1.0/RCH_BPEL_NewItemRequest?wsdl  200  OK  609ms
PROD_REACH - http://soa.emerson.com:8800/orabpel/ReachServices/RCH_BPEL_PartLanding/2.0/RCH_BPEL_PartLanding?wsdl  200  OK  625ms
PROD_REACH - http://soa.emerson.com:8800/orabpel/ReachServices/RCH_BPEL_ReadEmail/3.0/RCH_BPEL_ReadEmail?wsdl  200  OK  609ms
PROD_REACH - http://soa.emerson.com:8800/orabpel/ReachServices/RCH_BPEL_Tcec_Removed/1.0/RCH_BPEL_Tcec_Removed?wsdl  200  OK  610ms
PROD_REACH - http://soa.emerson.com:8800/orabpel/ReachServices/RCH_BPEL_UpdateSupplierContact/3.0/RCH_BPEL_UpdateSupplierContact?wsdl  200  OK  687ms
PROD_REACH - http://soa.emerson.com:8800/orabpel/ReachServices/RCH_BPEL_UploadFile/3.0/RCH_BPEL_UploadFile?wsdl  200  OK  610ms
PROD_REACH - http://soa.emerson.com:8800/orabpel/ReachServices/RCH_BPEL_UploadUser/1.0/RCH_BPEL_UploadUser?wsdl  200  OK  625ms
PROD_REACH - http://soa.emerson.com:8800/orabpel/ReachServices/RCH_BPEL_UserRegistration/1.0/RCH_BPEL_UserRegistration?wsdl  200  OK  609ms
STAGE_SOA_SERVER - http://soa-stg.emerson.com:8800/esb  200  OK  1281ms
STAGE_SOA_SERVER - http://soa-stg.emerson.com:8800/BPELConsole  200  OK  1250ms
STAGE_SOA_SERVER - http://soa-stg.emerson.com:8800/em  200  OK  1250ms
STAGE_ADF_SERVER - http://elshas2.emerson.com:8080/em  200  OK  1203ms
STAGE_ETH - http://elshas2.emerson.com:8080/ETHWebApplication/faces/webpages/ETHArchiveSearchPg.jspx  200  OK  625ms
STAGE_VDST - http://elshas2.emerson.com:8080/ClosetMaid/Server/Admin/  200  OK  1922ms
STAGE_VDST - http://elshas2.emerson.com:8080/ClosetMaid/Server/  200  OK  625ms
STAGE_VDST - http://elshas2.emerson.com:8080/ClosetMaid/Client/  200  OK  610ms
STAGE_VDST - http://elshas2.emerson.com:8080/WeatherGuard/Server/Admin/  200  OK  1875ms
STAGE_VDST - http://elshas2.emerson.com:8080/WeatherGuard/Server/  200  OK  641ms
STAGE_VDST - http://elshas2.emerson.com:8080/WeatherGuard/Client/  200  OK  609ms
IPROServices - http://soa-stg.emerson.com:8800/orabpel/iProServices/GenericLookupEmrsnReqABCSImpl/1.0/GenericLookupEmrsnReqABCSImpl?wsdl  200  OK  672ms
TMSServices - http://elshad2.emrsn.com:35000/orabpel/TMSServices/DeliverFileEBF/1.0/DeliverFileEBF?wsdl  404  Not Found  703ms
***************************************************

***************************************************
Mon May 24 20:04:53 GMT+05:30 2010
***************************************************
PROD_SOA_SERVER - http://soa.emerson.com:8800/esb  200  OK  1171ms
PROD_SOA_SERVER - http://soa.emerson.com:8800/BPELConsole  200  OK  1234ms
PROD_SOA_SERVER - http://soa.emerson.com:8800/em  200  OK  1157ms
PROD_SOA_SERVER - http://soa-p1.emerson.com:8080/esb  200  OK  1124ms
PROD_SOA_SERVER - http://soa-p1.emerson.com:8080/BPELConsole  200  OK  1157ms
PROD_SOA_SERVER - http://soa-p1.emerson.com:8080/em  200  OK  1124ms
PROD_ADF_SERVER - http://elshap2.emerson.com:8080/em  200  OK  1172ms
PROD_ADF_SERVER - http://erikap2.emerson.com:8080/em  200  OK  1156ms
PROD_ETH - http://elshap2.emerson.com:8080/ETHWebApplication/faces/webpages/ETHArchiveSearchPg.jspx  200  OK  578ms
PROD_REACH - https://compliance.emerson.com/welcome.html  200  OK  1937ms
PROD_REACH - https://compliance.emerson.com/Internal/faces/  200  OK  1187ms
PROD_REACH - https://compliance.emerson.com/External/faces/  200  OK  1172ms
PROD_REACH - http://soa.emerson.com:8800/orabpel/ReachServices/RCH_BPEL_AdminApproval_Rejection/3.0/RCH_BPEL_AdminApproval_Rejection?wsdl  200  OK  609ms
PROD_REACH - http://soa.emerson.com:8800/orabpel/ReachServices/RCH_BPEL_BRValidation/1.0/RCH_BPEL_BRValidation?wsdl  200  OK  672ms
PROD_REACH - http://soa.emerson.com:8800/orabpel/ReachServices/RCH_BPEL_Complete_Reject/1.0/RCH_BPEL_Complete_Reject?wsdl  200  OK  641ms
PROD_REACH - http://soa.emerson.com:8800/orabpel/ReachServices/RCH_BPEL_Excel/3.0/RCH_BPEL_Excel?wsdl  200  OK  609ms
PROD_REACH - http://soa.emerson.com:8800/orabpel/ReachServices/RCH_BPEL_IPCXML/3.0/RCH_BPEL_IPCXML?wsdl  200  OK  625ms
PROD_REACH - http://soa.emerson.com:8800/orabpel/ReachServices/RCH_BPEL_MPNChange/1.0/RCH_BPEL_MPNChange?wsdl  200  OK  609ms
PROD_REACH - http://soa.emerson.com:8800/orabpel/ReachServices/RCH_BPEL_NewItemRequest/1.0/RCH_BPEL_NewItemRequest?wsdl  200  OK  672ms
PROD_REACH - http://soa.emerson.com:8800/orabpel/ReachServices/RCH_BPEL_PartLanding/2.0/RCH_BPEL_PartLanding?wsdl  200  OK  625ms
PROD_REACH - http://soa.emerson.com:8800/orabpel/ReachServices/RCH_BPEL_ReadEmail/3.0/RCH_BPEL_ReadEmail?wsdl  200  OK  625ms
PROD_REACH - http://soa.emerson.com:8800/orabpel/ReachServices/RCH_BPEL_Tcec_Removed/1.0/RCH_BPEL_Tcec_Removed?wsdl  200  OK  609ms
PROD_REACH - http://soa.emerson.com:8800/orabpel/ReachServices/RCH_BPEL_UpdateSupplierContact/3.0/RCH_BPEL_UpdateSupplierContact?wsdl  200  OK  625ms
PROD_REACH - http://soa.emerson.com:8800/orabpel/ReachServices/RCH_BPEL_UploadFile/3.0/RCH_BPEL_UploadFile?wsdl  200  OK  625ms
PROD_REACH - http://soa.emerson.com:8800/orabpel/ReachServices/RCH_BPEL_UploadUser/1.0/RCH_BPEL_UploadUser?wsdl  200  OK  625ms
PROD_REACH - http://soa.emerson.com:8800/orabpel/ReachServices/RCH_BPEL_UserRegistration/1.0/RCH_BPEL_UserRegistration?wsdl  200  OK  640ms
STAGE_SOA_SERVER - http://soa-stg.emerson.com:8800/esb  200  OK  1281ms
STAGE_SOA_SERVER - http://soa-stg.emerson.com:8800/BPELConsole  200  OK  1266ms
STAGE_SOA_SERVER - http://soa-stg.emerson.com:8800/em  200  OK  1249ms
STAGE_ADF_SERVER - http://elshas2.emerson.com:8080/em  200  OK  1235ms
STAGE_ETH - http://elshas2.emerson.com:8080/ETHWebApplication/faces/webpages/ETHArchiveSearchPg.jspx  200  OK  656ms
STAGE_VDST - http://elshas2.emerson.com:8080/ClosetMaid/Server/Admin/  200  OK  1953ms
STAGE_VDST - http://elshas2.emerson.com:8080/ClosetMaid/Server/  200  OK  656ms
STAGE_VDST - http://elshas2.emerson.com:8080/ClosetMaid/Client/  200  OK  656ms
STAGE_VDST - http://elshas2.emerson.com:8080/WeatherGuard/Server/Admin/  200  OK  1937ms
STAGE_VDST - http://elshas2.emerson.com:8080/WeatherGuard/Server/  200  OK  625ms
STAGE_VDST - http://elshas2.emerson.com:8080/WeatherGuard/Client/  200  OK  641ms
IPROServices - http://soa-stg.emerson.com:8800/orabpel/iProServices/GenericLookupEmrsnReqABCSImpl/1.0/GenericLookupEmrsnReqABCSImpl?wsdl  200  OK  57946ms
TMSServices - http://elshad2.emrsn.com:35000/orabpel/TMSServices/DeliverFileEBF/1.0/DeliverFileEBF?wsdl  404  Not Found  719ms
***************************************************

***************************************************
Tue Jun 29 09:42:07 GMT+05:30 2010
***************************************************
DEV_SOA_SERVER - http://elshad2.emerson.com:35000/BPELConsole/ETHServices/displayProcess.jsp?processId=ETH_BPEL_FlatFileSplitterProcess&mode=manage&reportType=process&domainSelector=ETHServices&revisionTag=1.0  200  OK  2296ms
***************************************************

***************************************************
Tue Jun 29 09:42:51 GMT+05:30 2010
***************************************************
DEV_SOA_SERVER - http://elshad2.emerson.com:35000/BPELConsole/ETHServices/displayProcess.jsp?processId=ETH_BPEL_FlatFileSplitterProcess&mode=manage&reportType=process&domainSelector=ETHServices&revisionTag=1.0  200  OK  719ms
***************************************************

***************************************************
Tue Jun 29 09:43:27 GMT+05:30 2010
***************************************************
DEV_SOA_SERVER - http://elshad1.emerson.com:34000/BPELConsole/ETHServices/displayProcess.jsp?processId=ETH_BPEL_FlatFileSplitterProcess&mode=manage&reportType=process&domainSelector=ETHServices&revisionTag=1.0  200  OK  735ms
***************************************************

